<?xml version="1.0" encoding="UTF-8"?>
<!-- Generated by org.testng.reporters.JUnitXMLReporter -->
<testsuite ignored="0" hostname="LAPTOP-IJTKHJ02" failures="0" tests="5" name="Default test" time="34.835" errors="0" timestamp="2025-04-17T10:53:40 IST">
  <testcase classname="ExcelPractice.MutipileUserStore2" name="f" time="7.247"/>
  <testcase classname="ExcelPractice.MutipileUserStore2" name="f" time="6.501"/>
  <testcase classname="ExcelPractice.MutipileUserStore2" name="f" time="6.655"/>
  <testcase classname="ExcelPractice.MutipileUserStore2" name="f" time="6.817"/>
  <testcase classname="ExcelPractice.MutipileUserStore2" name="f" time="6.517"/>
</testsuite> <!-- Default test -->
