<?xml version="1.0" encoding="UTF-8"?>
<testng-results ignored="0" total="5" passed="5" failed="0" skipped="0">
  <reporter-output>
  </reporter-output>
  <suite started-at="2025-04-17T10:53:06 IST" name="Default suite" finished-at="2025-04-17T10:53:40 IST" duration-ms="34835">
    <groups>
    </groups>
    <test started-at="2025-04-17T10:53:06 IST" name="Default test" finished-at="2025-04-17T10:53:40 IST" duration-ms="34835">
      <class name="ExcelPractice.MutipileUserStore2">
        <test-method signature="f(java.lang.String,java.lang.String,java.lang.String)[pri:0, instance:ExcelPractice.MutipileUserStore2@20deea7f]" started-at="2025-04-17T10:53:07 IST" name="f" data-provider="userdetails" finished-at="2025-04-17T10:53:14 IST" duration-ms="7247" status="PASS">
          <params>
            <param index="0">
              <value>
                <![CDATA[Ramu3317]]>
              </value>
            </param>
            <param index="1">
              <value>
                <![CDATA[ramu4345]]>
              </value>
            </param>
            <param index="2">
              <value>
                <![CDATA[1234.0]]>
              </value>
            </param>
          </params>
          <reporter-output>
          </reporter-output>
        </test-method> <!-- f -->
        <test-method signature="f(java.lang.String,java.lang.String,java.lang.String)[pri:0, instance:ExcelPractice.MutipileUserStore2@20deea7f]" started-at="2025-04-17T10:53:14 IST" name="f" data-provider="userdetails" finished-at="2025-04-17T10:53:20 IST" duration-ms="6501" status="PASS">
          <params>
            <param index="0">
              <value>
                <![CDATA[Santhosh]]>
              </value>
            </param>
            <param index="1">
              <value>
                <![CDATA[santhosh4345]]>
              </value>
            </param>
            <param index="2">
              <value>
                <![CDATA[43459.0]]>
              </value>
            </param>
          </params>
          <reporter-output>
          </reporter-output>
        </test-method> <!-- f -->
        <test-method signature="f(java.lang.String,java.lang.String,java.lang.String)[pri:0, instance:ExcelPractice.MutipileUserStore2@20deea7f]" started-at="2025-04-17T10:53:20 IST" name="f" data-provider="userdetails" finished-at="2025-04-17T10:53:27 IST" duration-ms="6655" status="PASS">
          <params>
            <param index="0">
              <value>
                <![CDATA[Sai]]>
              </value>
            </param>
            <param index="1">
              <value>
                <![CDATA[sai4345]]>
              </value>
            </param>
            <param index="2">
              <value>
                <![CDATA[333.0]]>
              </value>
            </param>
          </params>
          <reporter-output>
          </reporter-output>
        </test-method> <!-- f -->
        <test-method signature="f(java.lang.String,java.lang.String,java.lang.String)[pri:0, instance:ExcelPractice.MutipileUserStore2@20deea7f]" started-at="2025-04-17T10:53:27 IST" name="f" data-provider="userdetails" finished-at="2025-04-17T10:53:34 IST" duration-ms="6817" status="PASS">
          <params>
            <param index="0">
              <value>
                <![CDATA[sesi]]>
              </value>
            </param>
            <param index="1">
              <value>
                <![CDATA[sesi4345]]>
              </value>
            </param>
            <param index="2">
              <value>
                <![CDATA[45.0]]>
              </value>
            </param>
          </params>
          <reporter-output>
          </reporter-output>
        </test-method> <!-- f -->
        <test-method signature="f(java.lang.String,java.lang.String,java.lang.String)[pri:0, instance:ExcelPractice.MutipileUserStore2@20deea7f]" started-at="2025-04-17T10:53:34 IST" name="f" data-provider="userdetails" finished-at="2025-04-17T10:53:40 IST" duration-ms="6517" status="PASS">
          <params>
            <param index="0">
              <value>
                <![CDATA[raj]]>
              </value>
            </param>
            <param index="1">
              <value>
                <![CDATA[raj4345]]>
              </value>
            </param>
            <param index="2">
              <value>
                <![CDATA[65.0]]>
              </value>
            </param>
          </params>
          <reporter-output>
          </reporter-output>
        </test-method> <!-- f -->
      </class> <!-- ExcelPractice.MutipileUserStore2 -->
    </test> <!-- Default test -->
  </suite> <!-- Default suite -->
</testng-results>
